android/app/build/intermediates/manifest_merge_blame_file/debug/manifest-merger-blame-debug-report.txt
1<?xml version="1.0" encoding="utf-8"?>
2<manifest xmlns:android="http://schemas.android.com/apk/res/android"
3    package="com.neostorern"
4    android:versionCode="1"
5    android:versionName="1.0" >
6
7    <uses-sdk
8        android:minSdkVersion="16"
9        android:targetSdkVersion="29" />
10
11    <uses-permission android:name="android.permission.SYSTEM_ALERT_WINDOW" />
11-->src/debug/AndroidManifest.xml:5:5-77
11-->src/debug/AndroidManifest.xml:5:22-75
12    <uses-permission android:name="android.permission.INTERNET" />
12-->src/main/AndroidManifest.xml:4:5-67
12-->src/main/AndroidManifest.xml:4:22-64
13    <uses-permission android:name="android.permission.ACCESS_WIFI_STATE" />
13-->[com.facebook.flipper:flipper:0.54.0] AndroidManifest.xml:16:5-76
13-->[com.facebook.flipper:flipper:0.54.0] AndroidManifest.xml:16:22-73
14
15    <application
15-->src/main/AndroidManifest.xml:6:5-37:19
16        android:name="com.neostorern.MainApplication"
16-->src/main/AndroidManifest.xml:7:7-38
17        android:allowBackup="false"
17-->src/main/AndroidManifest.xml:11:7-34
18        android:appComponentFactory="androidx.core.app.CoreComponentFactory"
18-->[androidx.core:core:1.1.0] AndroidManifest.xml:24:18-86
19        android:debuggable="true"
20        android:icon="@mipmap/ic_launcher"
20-->src/main/AndroidManifest.xml:9:7-41
21        android:label="@string/app_name"
21-->src/main/AndroidManifest.xml:8:7-39
22        android:roundIcon="@mipmap/ic_launcher_round"
22-->src/main/AndroidManifest.xml:10:7-52
23        android:theme="@style/AppTheme"
23-->src/main/AndroidManifest.xml:12:7-38
24        android:usesCleartextTraffic="true" >
24-->src/debug/AndroidManifest.xml:7:18-53
25        <activity
25-->src/main/AndroidManifest.xml:14:7-22:18
26            android:name="com.neostorern.SplashActvity"
26-->src/main/AndroidManifest.xml:15:7-38
27            android:label="@string/app_name" >
27-->src/main/AndroidManifest.xml:16:7-39
28            <intent-filter>
28-->src/main/AndroidManifest.xml:18:7-21:23
29                <action android:name="android.intent.action.MAIN" />
29-->src/main/AndroidManifest.xml:19:9-61
29-->src/main/AndroidManifest.xml:19:17-58
30
31                <category android:name="android.intent.category.LAUNCHER" />
31-->src/main/AndroidManifest.xml:20:9-69
31-->src/main/AndroidManifest.xml:20:19-66
32            </intent-filter>
33        </activity>
34        <activity
34-->src/main/AndroidManifest.xml:24:7-35:18
35            android:name="com.neostorern.MainActivity"
35-->src/main/AndroidManifest.xml:25:9-37
36            android:configChanges="keyboard|keyboardHidden|orientation|screenSize|uiMode"
36-->src/main/AndroidManifest.xml:27:9-86
37            android:exported="true"
37-->src/main/AndroidManifest.xml:30:9-34
38            android:label="@string/app_name"
38-->src/main/AndroidManifest.xml:26:9-41
39            android:launchMode="singleTask"
39-->src/main/AndroidManifest.xml:28:9-40
40            android:windowSoftInputMode="adjustResize" >
40-->src/main/AndroidManifest.xml:29:9-51
41
42            <!--
43        <intent-filter>
44            <action android:name="android.intent.action.MAIN" />
45            <category android:name="android.intent.category.LAUNCHER" />
46        </intent-filter>
47            -->
48        </activity>
49        <activity android:name="com.facebook.react.devsupport.DevSettingsActivity" />
49-->src/main/AndroidManifest.xml:36:7-84
49-->src/main/AndroidManifest.xml:36:17-81
50    </application>
51
52</manifest>